0 info it worked if it ends with ok
1 verbose cli [ 'C:\\Program Files\\nodejs\\node.exe',
1 verbose cli   'C:\\Program Files\\nodejs\\node_modules\\npm\\bin\\npm-cli.js',
1 verbose cli   'install',
1 verbose cli   'ngRaptorize' ]
2 info using npm@2.15.0
3 info using node@v4.4.2
4 verbose install initial load of C:\Users\bandi\Documents\GitHub\Toportyu\web\package.json
5 verbose installManyTop reading scoped package data from C:\Users\bandi\Documents\GitHub\Toportyu\web\node_modules\angular\package.json
6 verbose installManyTop reading scoped package data from C:\Users\bandi\Documents\GitHub\Toportyu\web\node_modules\raw-loader\package.json
7 verbose installManyTop reading scoped package data from C:\Users\bandi\Documents\GitHub\Toportyu\web\node_modules\sass\package.json
8 verbose installManyTop reading scoped package data from C:\Users\bandi\Documents\GitHub\Toportyu\web\node_modules\style-loader\package.json
9 verbose installManyTop reading scoped package data from C:\Users\bandi\Documents\GitHub\Toportyu\web\node_modules\webpack\package.json
10 info package.json raw-loader@0.5.1 No license field.
11 info package.json sass@0.5.0 No repository field.
12 info package.json sass@0.5.0 No license field.
13 verbose readDependencies loading dependencies from C:\Users\bandi\Documents\GitHub\Toportyu\web\package.json
14 silly cache add args [ 'ngRaptorize', null ]
15 verbose cache add spec ngRaptorize
16 silly cache add parsed spec Result {
16 silly cache add   raw: 'ngRaptorize',
16 silly cache add   scope: null,
16 silly cache add   name: 'ngRaptorize',
16 silly cache add   rawSpec: '',
16 silly cache add   spec: 'latest',
16 silly cache add   type: 'tag' }
17 silly addNamed ngRaptorize@latest
18 verbose addNamed "latest" is being treated as a dist-tag for ngRaptorize
19 info addNameTag [ 'ngRaptorize', 'latest' ]
20 silly mapToRegistry name ngRaptorize
21 silly mapToRegistry using default registry
22 silly mapToRegistry registry https://registry.npmjs.org/
23 silly mapToRegistry data Result {
23 silly mapToRegistry   raw: 'ngRaptorize',
23 silly mapToRegistry   scope: null,
23 silly mapToRegistry   name: 'ngRaptorize',
23 silly mapToRegistry   rawSpec: '',
23 silly mapToRegistry   spec: 'latest',
23 silly mapToRegistry   type: 'tag' }
24 silly mapToRegistry uri https://registry.npmjs.org/ngRaptorize
25 verbose addNameTag registry:https://registry.npmjs.org/ngRaptorize not in flight; fetching
26 verbose request uri https://registry.npmjs.org/ngRaptorize
27 verbose request no auth needed
28 info attempt registry request try #1 at 7:56:45 PM
29 verbose request id 5c61f6b00af50dec
30 http request GET https://registry.npmjs.org/ngRaptorize
31 http 404 https://registry.npmjs.org/ngRaptorize
32 verbose headers { 'content-type': 'application/json',
32 verbose headers   'cache-control': 'max-age=0',
32 verbose headers   'content-length': '2',
32 verbose headers   'accept-ranges': 'bytes',
32 verbose headers   date: 'Thu, 12 May 2016 17:56:51 GMT',
32 verbose headers   via: '1.1 varnish',
32 verbose headers   age: '0',
32 verbose headers   connection: 'keep-alive',
32 verbose headers   'x-served-by': 'cache-fra1233-FRA',
32 verbose headers   'x-cache': 'MISS',
32 verbose headers   'x-cache-hits': '0',
32 verbose headers   'x-timer': 'S1463075811.430452,VS0,VE439',
32 verbose headers   vary: 'Accept-Encoding' }
33 silly get cb [ 404,
33 silly get   { 'content-type': 'application/json',
33 silly get     'cache-control': 'max-age=0',
33 silly get     'content-length': '2',
33 silly get     'accept-ranges': 'bytes',
33 silly get     date: 'Thu, 12 May 2016 17:56:51 GMT',
33 silly get     via: '1.1 varnish',
33 silly get     age: '0',
33 silly get     connection: 'keep-alive',
33 silly get     'x-served-by': 'cache-fra1233-FRA',
33 silly get     'x-cache': 'MISS',
33 silly get     'x-cache-hits': '0',
33 silly get     'x-timer': 'S1463075811.430452,VS0,VE439',
33 silly get     vary: 'Accept-Encoding' } ]
34 verbose stack Error: Registry returned 404 for GET on https://registry.npmjs.org/ngRaptorize
34 verbose stack     at makeError (C:\Program Files\nodejs\node_modules\npm\node_modules\npm-registry-client\lib\request.js:264:12)
34 verbose stack     at CachingRegistryClient.<anonymous> (C:\Program Files\nodejs\node_modules\npm\node_modules\npm-registry-client\lib\request.js:242:14)
34 verbose stack     at Request._callback (C:\Program Files\nodejs\node_modules\npm\node_modules\npm-registry-client\lib\request.js:172:14)
34 verbose stack     at Request.self.callback (C:\Program Files\nodejs\node_modules\npm\node_modules\request\request.js:199:22)
34 verbose stack     at emitTwo (events.js:87:13)
34 verbose stack     at Request.emit (events.js:172:7)
34 verbose stack     at Request.<anonymous> (C:\Program Files\nodejs\node_modules\npm\node_modules\request\request.js:1036:10)
34 verbose stack     at emitOne (events.js:82:20)
34 verbose stack     at Request.emit (events.js:169:7)
34 verbose stack     at IncomingMessage.<anonymous> (C:\Program Files\nodejs\node_modules\npm\node_modules\request\request.js:963:12)
35 verbose statusCode 404
36 verbose pkgid ngRaptorize
37 verbose cwd C:\Users\bandi\Documents\GitHub\Toportyu\web
38 error Windows_NT 10.0.10586
39 error argv "C:\\Program Files\\nodejs\\node.exe" "C:\\Program Files\\nodejs\\node_modules\\npm\\bin\\npm-cli.js" "install" "ngRaptorize"
40 error node v4.4.2
41 error npm  v2.15.0
42 error code E404
43 error 404 Registry returned 404 for GET on https://registry.npmjs.org/ngRaptorize
43 error 404
43 error 404 'ngRaptorize' is not in the npm registry.
43 error 404 Your package name is not valid, because
43 error 404
43 error 404  1. name can no longer contain capital letters
43 error 404
43 error 404 Note that you can also install from a
43 error 404 tarball, folder, http url, or git url.
44 verbose exit [ 1, true ]
